c:\users\yahav\source\repos\executioncoach\executioncoach\x64\debug\vc143.pdb
c:\users\yahav\source\repos\executioncoach\executioncoach\x64\debug\vc143.idb
c:\users\yahav\source\repos\executioncoach\executioncoach\x64\debug\tradeanalyzer.obj
c:\users\yahav\source\repos\executioncoach\executioncoach\x64\debug\trade.obj
c:\users\yahav\source\repos\executioncoach\executioncoach\x64\debug\postrgesql.obj
c:\users\yahav\source\repos\executioncoach\executioncoach\x64\debug\main.obj
c:\users\yahav\source\repos\executioncoach\executioncoach\x64\debug\logger.obj
c:\users\yahav\source\repos\executioncoach\executioncoach\x64\debug\csvreader.obj
c:\users\yahav\source\repos\executioncoach\executioncoach\x64\debug\config.obj
c:\users\yahav\source\repos\executioncoach\x64\debug\pqxx.dll
c:\users\yahav\source\repos\executioncoach\x64\debug\libpq.dll
c:\users\yahav\source\repos\executioncoach\x64\debug\libssl-3-x64.dll
c:\users\yahav\source\repos\executioncoach\x64\debug\libcrypto-3-x64.dll
c:\users\yahav\source\repos\executioncoach\x64\debug\executioncoach.exe
c:\users\yahav\source\repos\executioncoach\x64\debug\executioncoach.pdb
c:\users\yahav\source\repos\executioncoach\executioncoach\x64\debug\executioncoach.ilk
c:\users\yahav\source\repos\executioncoach\executioncoach\x64\debug\executioncoach.tlog\cl.command.1.tlog
c:\users\yahav\source\repos\executioncoach\executioncoach\x64\debug\executioncoach.tlog\cl.items.tlog
c:\users\yahav\source\repos\executioncoach\executioncoach\x64\debug\executioncoach.tlog\cl.read.1.tlog
c:\users\yahav\source\repos\executioncoach\executioncoach\x64\debug\executioncoach.tlog\cl.write.1.tlog
c:\users\yahav\source\repos\executioncoach\executioncoach\x64\debug\executioncoach.tlog\executioncoach.write.1u.tlog
c:\users\yahav\source\repos\executioncoach\executioncoach\x64\debug\executioncoach.tlog\link.command.1.tlog
c:\users\yahav\source\repos\executioncoach\executioncoach\x64\debug\executioncoach.tlog\link.read.1.tlog
c:\users\yahav\source\repos\executioncoach\executioncoach\x64\debug\executioncoach.tlog\link.secondary.1.tlog
c:\users\yahav\source\repos\executioncoach\executioncoach\x64\debug\executioncoach.tlog\link.write.1.tlog
