  Config.cpp
  CSVReader.cpp
C:\Users\yahav\source\repos\ExecutionCoach\ExecutionCoach\Trade.h(32,7): warning C4244: 'initializing': conversion from 'int64_t' to 'const double', possible loss of data
  (compiling source file 'CSVReader.cpp')
  
C:\Users\yahav\source\repos\ExecutionCoach\ExecutionCoach\Trade.h(33,8): warning C4244: 'initializing': conversion from 'double' to 'int64_t', possible loss of data
  (compiling source file 'CSVReader.cpp')
  
C:\Users\yahav\source\repos\ExecutionCoach\ExecutionCoach\Trade.h(34,7): warning C4244: 'initializing': conversion from 'double' to 'int64_t', possible loss of data
  (compiling source file 'CSVReader.cpp')
  
C:\Users\yahav\source\repos\ExecutionCoach\ExecutionCoach\Trade.h(35,11): warning C4244: 'initializing': conversion from 'double' to 'int64_t', possible loss of data
  (compiling source file 'CSVReader.cpp')
  
C:\Users\yahav\source\repos\ExecutionCoach\ExecutionCoach\Trade.h(36,9): warning C4244: 'initializing': conversion from 'double' to 'int64_t', possible loss of data
  (compiling source file 'CSVReader.cpp')
  
C:\Users\yahav\source\repos\ExecutionCoach\ExecutionCoach\Trade.h(37,6): warning C4244: 'initializing': conversion from 'double' to 'int64_t', possible loss of data
  (compiling source file 'CSVReader.cpp')
  
C:\Users\yahav\source\repos\ExecutionCoach\ExecutionCoach\Trade.h(44,6): warning C4244: 'initializing': conversion from 'double' to 'int64_t', possible loss of data
  (compiling source file 'CSVReader.cpp')
  
C:\Users\yahav\source\repos\ExecutionCoach\ExecutionCoach\Trade.h(60,47): warning C4244: '=': conversion from 'double' to 'int', possible loss of data
  (compiling source file 'CSVReader.cpp')
  
  Logger.cpp
  main.cpp
C:\Users\yahav\source\repos\ExecutionCoach\ExecutionCoach\Trade.h(32,7): warning C4244: 'initializing': conversion from 'int64_t' to 'const double', possible loss of data
  (compiling source file 'main.cpp')
  
C:\Users\yahav\source\repos\ExecutionCoach\ExecutionCoach\Trade.h(33,8): warning C4244: 'initializing': conversion from 'double' to 'int64_t', possible loss of data
  (compiling source file 'main.cpp')
  
C:\Users\yahav\source\repos\ExecutionCoach\ExecutionCoach\Trade.h(34,7): warning C4244: 'initializing': conversion from 'double' to 'int64_t', possible loss of data
  (compiling source file 'main.cpp')
  
C:\Users\yahav\source\repos\ExecutionCoach\ExecutionCoach\Trade.h(35,11): warning C4244: 'initializing': conversion from 'double' to 'int64_t', possible loss of data
  (compiling source file 'main.cpp')
  
C:\Users\yahav\source\repos\ExecutionCoach\ExecutionCoach\Trade.h(36,9): warning C4244: 'initializing': conversion from 'double' to 'int64_t', possible loss of data
  (compiling source file 'main.cpp')
  
C:\Users\yahav\source\repos\ExecutionCoach\ExecutionCoach\Trade.h(37,6): warning C4244: 'initializing': conversion from 'double' to 'int64_t', possible loss of data
  (compiling source file 'main.cpp')
  
C:\Users\yahav\source\repos\ExecutionCoach\ExecutionCoach\Trade.h(44,6): warning C4244: 'initializing': conversion from 'double' to 'int64_t', possible loss of data
  (compiling source file 'main.cpp')
  
C:\Users\yahav\source\repos\ExecutionCoach\ExecutionCoach\Trade.h(60,47): warning C4244: '=': conversion from 'double' to 'int', possible loss of data
  (compiling source file 'main.cpp')
  
  PostrgeSQL.cpp
C:\Users\yahav\source\repos\ExecutionCoach\ExecutionCoach\Trade.h(32,7): warning C4244: 'initializing': conversion from 'int64_t' to 'const double', possible loss of data
  (compiling source file 'PostrgeSQL.cpp')
  
C:\Users\yahav\source\repos\ExecutionCoach\ExecutionCoach\Trade.h(33,8): warning C4244: 'initializing': conversion from 'double' to 'int64_t', possible loss of data
  (compiling source file 'PostrgeSQL.cpp')
  
C:\Users\yahav\source\repos\ExecutionCoach\ExecutionCoach\Trade.h(34,7): warning C4244: 'initializing': conversion from 'double' to 'int64_t', possible loss of data
  (compiling source file 'PostrgeSQL.cpp')
  
C:\Users\yahav\source\repos\ExecutionCoach\ExecutionCoach\Trade.h(35,11): warning C4244: 'initializing': conversion from 'double' to 'int64_t', possible loss of data
  (compiling source file 'PostrgeSQL.cpp')
  
C:\Users\yahav\source\repos\ExecutionCoach\ExecutionCoach\Trade.h(36,9): warning C4244: 'initializing': conversion from 'double' to 'int64_t', possible loss of data
  (compiling source file 'PostrgeSQL.cpp')
  
C:\Users\yahav\source\repos\ExecutionCoach\ExecutionCoach\Trade.h(37,6): warning C4244: 'initializing': conversion from 'double' to 'int64_t', possible loss of data
  (compiling source file 'PostrgeSQL.cpp')
  
C:\Users\yahav\source\repos\ExecutionCoach\ExecutionCoach\Trade.h(44,6): warning C4244: 'initializing': conversion from 'double' to 'int64_t', possible loss of data
  (compiling source file 'PostrgeSQL.cpp')
  
C:\Users\yahav\source\repos\ExecutionCoach\ExecutionCoach\Trade.h(60,47): warning C4244: '=': conversion from 'double' to 'int', possible loss of data
  (compiling source file 'PostrgeSQL.cpp')
  
  Trade.cpp
C:\Users\yahav\source\repos\ExecutionCoach\ExecutionCoach\Trade.h(32,7): warning C4244: 'initializing': conversion from 'int64_t' to 'const double', possible loss of data
  (compiling source file 'Trade.cpp')
  
C:\Users\yahav\source\repos\ExecutionCoach\ExecutionCoach\Trade.h(33,8): warning C4244: 'initializing': conversion from 'double' to 'int64_t', possible loss of data
  (compiling source file 'Trade.cpp')
  
C:\Users\yahav\source\repos\ExecutionCoach\ExecutionCoach\Trade.h(34,7): warning C4244: 'initializing': conversion from 'double' to 'int64_t', possible loss of data
  (compiling source file 'Trade.cpp')
  
C:\Users\yahav\source\repos\ExecutionCoach\ExecutionCoach\Trade.h(35,11): warning C4244: 'initializing': conversion from 'double' to 'int64_t', possible loss of data
  (compiling source file 'Trade.cpp')
  
C:\Users\yahav\source\repos\ExecutionCoach\ExecutionCoach\Trade.h(36,9): warning C4244: 'initializing': conversion from 'double' to 'int64_t', possible loss of data
  (compiling source file 'Trade.cpp')
  
C:\Users\yahav\source\repos\ExecutionCoach\ExecutionCoach\Trade.h(37,6): warning C4244: 'initializing': conversion from 'double' to 'int64_t', possible loss of data
  (compiling source file 'Trade.cpp')
  
C:\Users\yahav\source\repos\ExecutionCoach\ExecutionCoach\Trade.h(44,6): warning C4244: 'initializing': conversion from 'double' to 'int64_t', possible loss of data
  (compiling source file 'Trade.cpp')
  
C:\Users\yahav\source\repos\ExecutionCoach\ExecutionCoach\Trade.h(60,47): warning C4244: '=': conversion from 'double' to 'int', possible loss of data
  (compiling source file 'Trade.cpp')
  
  TradeAnalyzer.cpp
C:\Users\yahav\source\repos\ExecutionCoach\ExecutionCoach\Trade.h(32,7): warning C4244: 'initializing': conversion from 'int64_t' to 'const double', possible loss of data
  (compiling source file 'TradeAnalyzer.cpp')
  
C:\Users\yahav\source\repos\ExecutionCoach\ExecutionCoach\Trade.h(33,8): warning C4244: 'initializing': conversion from 'double' to 'int64_t', possible loss of data
  (compiling source file 'TradeAnalyzer.cpp')
  
C:\Users\yahav\source\repos\ExecutionCoach\ExecutionCoach\Trade.h(34,7): warning C4244: 'initializing': conversion from 'double' to 'int64_t', possible loss of data
  (compiling source file 'TradeAnalyzer.cpp')
  
C:\Users\yahav\source\repos\ExecutionCoach\ExecutionCoach\Trade.h(35,11): warning C4244: 'initializing': conversion from 'double' to 'int64_t', possible loss of data
  (compiling source file 'TradeAnalyzer.cpp')
  
C:\Users\yahav\source\repos\ExecutionCoach\ExecutionCoach\Trade.h(36,9): warning C4244: 'initializing': conversion from 'double' to 'int64_t', possible loss of data
  (compiling source file 'TradeAnalyzer.cpp')
  
C:\Users\yahav\source\repos\ExecutionCoach\ExecutionCoach\Trade.h(37,6): warning C4244: 'initializing': conversion from 'double' to 'int64_t', possible loss of data
  (compiling source file 'TradeAnalyzer.cpp')
  
C:\Users\yahav\source\repos\ExecutionCoach\ExecutionCoach\Trade.h(44,6): warning C4244: 'initializing': conversion from 'double' to 'int64_t', possible loss of data
  (compiling source file 'TradeAnalyzer.cpp')
  
C:\Users\yahav\source\repos\ExecutionCoach\ExecutionCoach\Trade.h(60,47): warning C4244: '=': conversion from 'double' to 'int', possible loss of data
  (compiling source file 'TradeAnalyzer.cpp')
  
C:\Users\yahav\source\repos\ExecutionCoach\ExecutionCoach\TradeAnalyzer.cpp(91,26): warning C4244: 'return': conversion from 'double' to 'int', possible loss of data
  Generating Code...
  ExecutionCoach.vcxproj -> C:\Users\yahav\source\repos\ExecutionCoach\x64\Debug\ExecutionCoach.exe
  'pwsh.exe' is not recognized as an internal or external command,
  operable program or batch file.
